Watching for file changes with StatReloader
Not Found: /
"GET / HTTP/1.1" 404 3107
"GET /swagger/ HTTP/1.1" 200 2217
"GET /swagger/?format=openapi HTTP/1.1" 200 13675
"GET /swagger/ HTTP/1.1" 200 13675
/home/kigen65/ALX_SE/project_nexus_BE/orders/views.py changed, reloading.
Watching for file changes with StatReloader
/home/kigen65/ALX_SE/project_nexus_BE/orders/views.py changed, reloading.
Watching for file changes with StatReloader
/home/kigen65/ALX_SE/project_nexus_BE/orders/views.py changed, reloading.
Watching for file changes with StatReloader
/home/kigen65/ALX_SE/project_nexus_BE/orders/views.py changed, reloading.
Watching for file changes with StatReloader
/home/kigen65/ALX_SE/project_nexus_BE/orders/views.py changed, reloading.
Watching for file changes with StatReloader
Not Found: /
"GET / HTTP/1.1" 404 3107
"GET /swagger/ HTTP/1.1" 200 2217
"GET /swagger/?format=openapi HTTP/1.1" 200 13675
/home/kigen65/ALX_SE/project_nexus_BE/orders/views.py changed, reloading.
Watching for file changes with StatReloader
/home/kigen65/ALX_SE/project_nexus_BE/orders/views.py changed, reloading.
Watching for file changes with StatReloader
/home/kigen65/ALX_SE/project_nexus_BE/orders/views.py changed, reloading.
Watching for file changes with StatReloader
/home/kigen65/ALX_SE/project_nexus_BE/orders/views.py changed, reloading.
Watching for file changes with StatReloader
Not Found: /
"GET / HTTP/1.1" 404 3107
"GET /swagger/ HTTP/1.1" 200 2217
"GET /swagger/?format=openapi HTTP/1.1" 200 13675
Watching for file changes with StatReloader
/home/kigen65/ALX_SE/project_nexus_BE/core/settings.py changed, reloading.
Watching for file changes with StatReloader
Watching for file changes with StatReloader
Watching for file changes with StatReloader
Watching for file changes with StatReloader
Not Found: /
"GET / HTTP/1.1" 404 3107
"GET /swagger/ HTTP/1.1" 200 2217
"GET /swagger/?format=openapi HTTP/1.1" 200 13675
Watching for file changes with StatReloader
Watching for file changes with StatReloader
